<?xml version="1.0" encoding="UTF-8"?>
<testsuite name="edu.coursera.distributed.SparkTest" time="13.857" tests="6" errors="6" skipped="0" failures="0">
  <properties>
[...]
</properties>
  <testcase name="testIncreasingTwentyThousand" classname="edu.coursera.distributed.SparkTest" time="12.687">
    <error type="java.lang.UnsupportedOperationException">java.lang.UnsupportedOperationException
	at edu.coursera.distributed.PageRank.sparkPageRank(PageRank.java:52)
	at edu.coursera.distributed.SparkTest.testDriver(SparkTest.java:180)
	at edu.coursera.distributed.SparkTest.testIncreasingTwentyThousand(SparkTest.java:261)
</error>
    <system-err><![CDATA[Running the PageRank algorithm for 5 iterations on a website graph of 20000 websites

Using Spark's default log4j profile: org/apache/spark/log4j-defaults.properties
17/11/27 22:31:26 INFO Remoting: Starting remoting
17/11/27 22:31:27 INFO Remoting: Remoting started; listening on addresses :[akka.tcp://sparkDriverActorSystem@192.168.1.11:60127]
]]></system-err>
  </testcase>
  <testcase name="testUniformFiftyThousand" classname="edu.coursera.distributed.SparkTest" time="0.559">
    <error message="Only one SparkContext may be running in this JVM (see SPARK-2243). To ignore this error, set spark.driver.allowMultipleContexts = true. The currently running SparkContext was created at:&#10;org.apache.spark.api.java.JavaSparkContext.&lt;init&gt;(JavaSparkContext.scala:59)&#10;edu.coursera.distributed.SparkTest.getSparkContext(SparkTest.java:38)&#10;edu.coursera.distributed.SparkTest.testDriver(SparkTest.java:170)&#10;edu.coursera.distributed.SparkTest.testIncreasingTwentyThousand(SparkTest.java:261)&#10;sun.reflect.NativeMethodAccessorImpl.invoke0(Native Method)&#10;sun.reflect.NativeMethodAccessorImpl.invoke(NativeMethodAccessorImpl.java:62)&#10;sun.reflect.DelegatingMethodAccessorImpl.invoke(DelegatingMethodAccessorImpl.java:43)&#10;java.lang.reflect.Method.invoke(Method.java:498)&#10;junit.framework.TestCase.runTest(TestCase.java:164)&#10;junit.framework.TestCase.runBare(TestCase.java:130)&#10;junit.framework.TestResult$1.protect(TestResult.java:106)&#10;junit.framework.TestResult.runProtected(TestResult.java:124)&#10;junit.framework.TestResult.run(TestResult.java:109)&#10;junit.framework.TestCase.run(TestCase.java:120)&#10;junit.framework.TestSuite.runTest(TestSuite.java:230)&#10;junit.framework.TestSuite.run(TestSuite.java:225)&#10;sun.reflect.NativeMethodAccessorImpl.invoke0(Native Method)&#10;sun.reflect.NativeMethodAccessorImpl.invoke(NativeMethodAccessorImpl.java:62)&#10;sun.reflect.DelegatingMethodAccessorImpl.invoke(DelegatingMethodAccessorImpl.java:43)&#10;java.lang.reflect.Method.invoke(Method.java:498)" type="org.apache.spark.SparkException"><![CDATA[org.apache.spark.SparkException: Only one SparkContext may be running in this JVM (see SPARK-2243). To ignore this error, set spark.driver.allowMultipleContexts = true. The currently running SparkContext was created at:
org.apache.spark.api.java.JavaSparkContext.<init>(JavaSparkContext.scala:59)
edu.coursera.distributed.SparkTest.getSparkContext(SparkTest.java:38)
edu.coursera.distributed.SparkTest.testDriver(SparkTest.java:170)
edu.coursera.distributed.SparkTest.testIncreasingTwentyThousand(SparkTest.java:261)
sun.reflect.NativeMethodAccessorImpl.invoke0(Native Method)
sun.reflect.NativeMethodAccessorImpl.invoke(NativeMethodAccessorImpl.java:62)
sun.reflect.DelegatingMethodAccessorImpl.invoke(DelegatingMethodAccessorImpl.java:43)
java.lang.reflect.Method.invoke(Method.java:498)
junit.framework.TestCase.runTest(TestCase.java:164)
junit.framework.TestCase.runBare(TestCase.java:130)
junit.framework.TestResult$1.protect(TestResult.java:106)
junit.framework.TestResult.runProtected(TestResult.java:124)
junit.framework.TestResult.run(TestResult.java:109)
junit.framework.TestCase.run(TestCase.java:120)
junit.framework.TestSuite.runTest(TestSuite.java:230)
junit.framework.TestSuite.run(TestSuite.java:225)
sun.reflect.NativeMethodAccessorImpl.invoke0(Native Method)
sun.reflect.NativeMethodAccessorImpl.invoke(NativeMethodAccessorImpl.java:62)
sun.reflect.DelegatingMethodAccessorImpl.invoke(DelegatingMethodAccessorImpl.java:43)
java.lang.reflect.Method.invoke(Method.java:498)
	at org.apache.spark.SparkContext$$anonfun$assertNoOtherContextIsRunning$1.apply(SparkContext.scala:2257)
	at org.apache.spark.SparkContext$$anonfun$assertNoOtherContextIsRunning$1.apply(SparkContext.scala:2239)
	at scala.Option.foreach(Option.scala:236)
	at org.apache.spark.SparkContext$.assertNoOtherContextIsRunning(SparkContext.scala:2239)
	at org.apache.spark.SparkContext$.setActiveContext(SparkContext.scala:2325)
	at org.apache.spark.SparkContext.<init>(SparkContext.scala:2197)
	at org.apache.spark.api.java.JavaSparkContext.<init>(JavaSparkContext.scala:59)
	at edu.coursera.distributed.SparkTest.getSparkContext(SparkTest.java:38)
	at edu.coursera.distributed.SparkTest.testDriver(SparkTest.java:170)
	at edu.coursera.distributed.SparkTest.testUniformFiftyThousand(SparkTest.java:250)
]]></error>
    <system-err><![CDATA[Running the PageRank algorithm for 5 iterations on a website graph of 50000 websites

]]></system-err>
  </testcase>
  <testcase name="testIncreasingFiftyThousand" classname="edu.coursera.distributed.SparkTest" time="0.306">
    <error message="Only one SparkContext may be running in this JVM (see SPARK-2243). To ignore this error, set spark.driver.allowMultipleContexts = true. The currently running SparkContext was created at:&#10;org.apache.spark.api.java.JavaSparkContext.&lt;init&gt;(JavaSparkContext.scala:59)&#10;edu.coursera.distributed.SparkTest.getSparkContext(SparkTest.java:38)&#10;edu.coursera.distributed.SparkTest.testDriver(SparkTest.java:170)&#10;edu.coursera.distributed.SparkTest.testIncreasingTwentyThousand(SparkTest.java:261)&#10;sun.reflect.NativeMethodAccessorImpl.invoke0(Native Method)&#10;sun.reflect.NativeMethodAccessorImpl.invoke(NativeMethodAccessorImpl.java:62)&#10;sun.reflect.DelegatingMethodAccessorImpl.invoke(DelegatingMethodAccessorImpl.java:43)&#10;java.lang.reflect.Method.invoke(Method.java:498)&#10;junit.framework.TestCase.runTest(TestCase.java:164)&#10;junit.framework.TestCase.runBare(TestCase.java:130)&#10;junit.framework.TestResult$1.protect(TestResult.java:106)&#10;junit.framework.TestResult.runProtected(TestResult.java:124)&#10;junit.framework.TestResult.run(TestResult.java:109)&#10;junit.framework.TestCase.run(TestCase.java:120)&#10;junit.framework.TestSuite.runTest(TestSuite.java:230)&#10;junit.framework.TestSuite.run(TestSuite.java:225)&#10;sun.reflect.NativeMethodAccessorImpl.invoke0(Native Method)&#10;sun.reflect.NativeMethodAccessorImpl.invoke(NativeMethodAccessorImpl.java:62)&#10;sun.reflect.DelegatingMethodAccessorImpl.invoke(DelegatingMethodAccessorImpl.java:43)&#10;java.lang.reflect.Method.invoke(Method.java:498)" type="org.apache.spark.SparkException"><![CDATA[org.apache.spark.SparkException: Only one SparkContext may be running in this JVM (see SPARK-2243). To ignore this error, set spark.driver.allowMultipleContexts = true. The currently running SparkContext was created at:
org.apache.spark.api.java.JavaSparkContext.<init>(JavaSparkContext.scala:59)
edu.coursera.distributed.SparkTest.getSparkContext(SparkTest.java:38)
edu.coursera.distributed.SparkTest.testDriver(SparkTest.java:170)
edu.coursera.distributed.SparkTest.testIncreasingTwentyThousand(SparkTest.java:261)
sun.reflect.NativeMethodAccessorImpl.invoke0(Native Method)
sun.reflect.NativeMethodAccessorImpl.invoke(NativeMethodAccessorImpl.java:62)
sun.reflect.DelegatingMethodAccessorImpl.invoke(DelegatingMethodAccessorImpl.java:43)
java.lang.reflect.Method.invoke(Method.java:498)
junit.framework.TestCase.runTest(TestCase.java:164)
junit.framework.TestCase.runBare(TestCase.java:130)
junit.framework.TestResult$1.protect(TestResult.java:106)
junit.framework.TestResult.runProtected(TestResult.java:124)
junit.framework.TestResult.run(TestResult.java:109)
junit.framework.TestCase.run(TestCase.java:120)
junit.framework.TestSuite.runTest(TestSuite.java:230)
junit.framework.TestSuite.run(TestSuite.java:225)
sun.reflect.NativeMethodAccessorImpl.invoke0(Native Method)
sun.reflect.NativeMethodAccessorImpl.invoke(NativeMethodAccessorImpl.java:62)
sun.reflect.DelegatingMethodAccessorImpl.invoke(DelegatingMethodAccessorImpl.java:43)
java.lang.reflect.Method.invoke(Method.java:498)
	at org.apache.spark.SparkContext$$anonfun$assertNoOtherContextIsRunning$1.apply(SparkContext.scala:2257)
	at org.apache.spark.SparkContext$$anonfun$assertNoOtherContextIsRunning$1.apply(SparkContext.scala:2239)
	at scala.Option.foreach(Option.scala:236)
	at org.apache.spark.SparkContext$.assertNoOtherContextIsRunning(SparkContext.scala:2239)
	at org.apache.spark.SparkContext$.markPartiallyConstructed(SparkContext.scala:2312)
	at org.apache.spark.SparkContext.<init>(SparkContext.scala:91)
	at org.apache.spark.api.java.JavaSparkContext.<init>(JavaSparkContext.scala:59)
	at edu.coursera.distributed.SparkTest.getSparkContext(SparkTest.java:38)
	at edu.coursera.distributed.SparkTest.testDriver(SparkTest.java:170)
	at edu.coursera.distributed.SparkTest.testIncreasingFiftyThousand(SparkTest.java:272)
]]></error>
    <system-err><![CDATA[Running the PageRank algorithm for 5 iterations on a website graph of 50000 websites

]]></system-err>
  </testcase>
  <testcase name="testRandomFiftyThousand" classname="edu.coursera.distributed.SparkTest" time="0.161">
    <error message="Only one SparkContext may be running in this JVM (see SPARK-2243). To ignore this error, set spark.driver.allowMultipleContexts = true. The currently running SparkContext was created at:&#10;org.apache.spark.api.java.JavaSparkContext.&lt;init&gt;(JavaSparkContext.scala:59)&#10;edu.coursera.distributed.SparkTest.getSparkContext(SparkTest.java:38)&#10;edu.coursera.distributed.SparkTest.testDriver(SparkTest.java:170)&#10;edu.coursera.distributed.SparkTest.testIncreasingTwentyThousand(SparkTest.java:261)&#10;sun.reflect.NativeMethodAccessorImpl.invoke0(Native Method)&#10;sun.reflect.NativeMethodAccessorImpl.invoke(NativeMethodAccessorImpl.java:62)&#10;sun.reflect.DelegatingMethodAccessorImpl.invoke(DelegatingMethodAccessorImpl.java:43)&#10;java.lang.reflect.Method.invoke(Method.java:498)&#10;junit.framework.TestCase.runTest(TestCase.java:164)&#10;junit.framework.TestCase.runBare(TestCase.java:130)&#10;junit.framework.TestResult$1.protect(TestResult.java:106)&#10;junit.framework.TestResult.runProtected(TestResult.java:124)&#10;junit.framework.TestResult.run(TestResult.java:109)&#10;junit.framework.TestCase.run(TestCase.java:120)&#10;junit.framework.TestSuite.runTest(TestSuite.java:230)&#10;junit.framework.TestSuite.run(TestSuite.java:225)&#10;sun.reflect.NativeMethodAccessorImpl.invoke0(Native Method)&#10;sun.reflect.NativeMethodAccessorImpl.invoke(NativeMethodAccessorImpl.java:62)&#10;sun.reflect.DelegatingMethodAccessorImpl.invoke(DelegatingMethodAccessorImpl.java:43)&#10;java.lang.reflect.Method.invoke(Method.java:498)" type="org.apache.spark.SparkException"><![CDATA[org.apache.spark.SparkException: Only one SparkContext may be running in this JVM (see SPARK-2243). To ignore this error, set spark.driver.allowMultipleContexts = true. The currently running SparkContext was created at:
org.apache.spark.api.java.JavaSparkContext.<init>(JavaSparkContext.scala:59)
edu.coursera.distributed.SparkTest.getSparkContext(SparkTest.java:38)
edu.coursera.distributed.SparkTest.testDriver(SparkTest.java:170)
edu.coursera.distributed.SparkTest.testIncreasingTwentyThousand(SparkTest.java:261)
sun.reflect.NativeMethodAccessorImpl.invoke0(Native Method)
sun.reflect.NativeMethodAccessorImpl.invoke(NativeMethodAccessorImpl.java:62)
sun.reflect.DelegatingMethodAccessorImpl.invoke(DelegatingMethodAccessorImpl.java:43)
java.lang.reflect.Method.invoke(Method.java:498)
junit.framework.TestCase.runTest(TestCase.java:164)
junit.framework.TestCase.runBare(TestCase.java:130)
junit.framework.TestResult$1.protect(TestResult.java:106)
junit.framework.TestResult.runProtected(TestResult.java:124)
junit.framework.TestResult.run(TestResult.java:109)
junit.framework.TestCase.run(TestCase.java:120)
junit.framework.TestSuite.runTest(TestSuite.java:230)
junit.framework.TestSuite.run(TestSuite.java:225)
sun.reflect.NativeMethodAccessorImpl.invoke0(Native Method)
sun.reflect.NativeMethodAccessorImpl.invoke(NativeMethodAccessorImpl.java:62)
sun.reflect.DelegatingMethodAccessorImpl.invoke(DelegatingMethodAccessorImpl.java:43)
java.lang.reflect.Method.invoke(Method.java:498)
	at org.apache.spark.SparkContext$$anonfun$assertNoOtherContextIsRunning$1.apply(SparkContext.scala:2257)
	at org.apache.spark.SparkContext$$anonfun$assertNoOtherContextIsRunning$1.apply(SparkContext.scala:2239)
	at scala.Option.foreach(Option.scala:236)
	at org.apache.spark.SparkContext$.assertNoOtherContextIsRunning(SparkContext.scala:2239)
	at org.apache.spark.SparkContext$.markPartiallyConstructed(SparkContext.scala:2312)
	at org.apache.spark.SparkContext.<init>(SparkContext.scala:91)
	at org.apache.spark.api.java.JavaSparkContext.<init>(JavaSparkContext.scala:59)
	at edu.coursera.distributed.SparkTest.getSparkContext(SparkTest.java:38)
	at edu.coursera.distributed.SparkTest.testDriver(SparkTest.java:170)
	at edu.coursera.distributed.SparkTest.testRandomFiftyThousand(SparkTest.java:294)
]]></error>
    <system-err><![CDATA[Running the PageRank algorithm for 5 iterations on a website graph of 50000 websites

]]></system-err>
  </testcase>
  <testcase name="testUniformTwentyThousand" classname="edu.coursera.distributed.SparkTest" time="0.086">
    <error message="Only one SparkContext may be running in this JVM (see SPARK-2243). To ignore this error, set spark.driver.allowMultipleContexts = true. The currently running SparkContext was created at:&#10;org.apache.spark.api.java.JavaSparkContext.&lt;init&gt;(JavaSparkContext.scala:59)&#10;edu.coursera.distributed.SparkTest.getSparkContext(SparkTest.java:38)&#10;edu.coursera.distributed.SparkTest.testDriver(SparkTest.java:170)&#10;edu.coursera.distributed.SparkTest.testIncreasingTwentyThousand(SparkTest.java:261)&#10;sun.reflect.NativeMethodAccessorImpl.invoke0(Native Method)&#10;sun.reflect.NativeMethodAccessorImpl.invoke(NativeMethodAccessorImpl.java:62)&#10;sun.reflect.DelegatingMethodAccessorImpl.invoke(DelegatingMethodAccessorImpl.java:43)&#10;java.lang.reflect.Method.invoke(Method.java:498)&#10;junit.framework.TestCase.runTest(TestCase.java:164)&#10;junit.framework.TestCase.runBare(TestCase.java:130)&#10;junit.framework.TestResult$1.protect(TestResult.java:106)&#10;junit.framework.TestResult.runProtected(TestResult.java:124)&#10;junit.framework.TestResult.run(TestResult.java:109)&#10;junit.framework.TestCase.run(TestCase.java:120)&#10;junit.framework.TestSuite.runTest(TestSuite.java:230)&#10;junit.framework.TestSuite.run(TestSuite.java:225)&#10;sun.reflect.NativeMethodAccessorImpl.invoke0(Native Method)&#10;sun.reflect.NativeMethodAccessorImpl.invoke(NativeMethodAccessorImpl.java:62)&#10;sun.reflect.DelegatingMethodAccessorImpl.invoke(DelegatingMethodAccessorImpl.java:43)&#10;java.lang.reflect.Method.invoke(Method.java:498)" type="org.apache.spark.SparkException"><![CDATA[org.apache.spark.SparkException: Only one SparkContext may be running in this JVM (see SPARK-2243). To ignore this error, set spark.driver.allowMultipleContexts = true. The currently running SparkContext was created at:
org.apache.spark.api.java.JavaSparkContext.<init>(JavaSparkContext.scala:59)
edu.coursera.distributed.SparkTest.getSparkContext(SparkTest.java:38)
edu.coursera.distributed.SparkTest.testDriver(SparkTest.java:170)
edu.coursera.distributed.SparkTest.testIncreasingTwentyThousand(SparkTest.java:261)
sun.reflect.NativeMethodAccessorImpl.invoke0(Native Method)
sun.reflect.NativeMethodAccessorImpl.invoke(NativeMethodAccessorImpl.java:62)
sun.reflect.DelegatingMethodAccessorImpl.invoke(DelegatingMethodAccessorImpl.java:43)
java.lang.reflect.Method.invoke(Method.java:498)
junit.framework.TestCase.runTest(TestCase.java:164)
junit.framework.TestCase.runBare(TestCase.java:130)
junit.framework.TestResult$1.protect(TestResult.java:106)
junit.framework.TestResult.runProtected(TestResult.java:124)
junit.framework.TestResult.run(TestResult.java:109)
junit.framework.TestCase.run(TestCase.java:120)
junit.framework.TestSuite.runTest(TestSuite.java:230)
junit.framework.TestSuite.run(TestSuite.java:225)
sun.reflect.NativeMethodAccessorImpl.invoke0(Native Method)
sun.reflect.NativeMethodAccessorImpl.invoke(NativeMethodAccessorImpl.java:62)
sun.reflect.DelegatingMethodAccessorImpl.invoke(DelegatingMethodAccessorImpl.java:43)
java.lang.reflect.Method.invoke(Method.java:498)
	at org.apache.spark.SparkContext$$anonfun$assertNoOtherContextIsRunning$1.apply(SparkContext.scala:2257)
	at org.apache.spark.SparkContext$$anonfun$assertNoOtherContextIsRunning$1.apply(SparkContext.scala:2239)
	at scala.Option.foreach(Option.scala:236)
	at org.apache.spark.SparkContext$.assertNoOtherContextIsRunning(SparkContext.scala:2239)
	at org.apache.spark.SparkContext$.markPartiallyConstructed(SparkContext.scala:2312)
	at org.apache.spark.SparkContext.<init>(SparkContext.scala:91)
	at org.apache.spark.api.java.JavaSparkContext.<init>(JavaSparkContext.scala:59)
	at edu.coursera.distributed.SparkTest.getSparkContext(SparkTest.java:38)
	at edu.coursera.distributed.SparkTest.testDriver(SparkTest.java:170)
	at edu.coursera.distributed.SparkTest.testUniformTwentyThousand(SparkTest.java:239)
]]></error>
    <system-err><![CDATA[Running the PageRank algorithm for 5 iterations on a website graph of 20000 websites

]]></system-err>
  </testcase>
  <testcase name="testRandomTwentyThousand" classname="edu.coursera.distributed.SparkTest" time="0.058">
    <error message="Only one SparkContext may be running in this JVM (see SPARK-2243). To ignore this error, set spark.driver.allowMultipleContexts = true. The currently running SparkContext was created at:&#10;org.apache.spark.api.java.JavaSparkContext.&lt;init&gt;(JavaSparkContext.scala:59)&#10;edu.coursera.distributed.SparkTest.getSparkContext(SparkTest.java:38)&#10;edu.coursera.distributed.SparkTest.testDriver(SparkTest.java:170)&#10;edu.coursera.distributed.SparkTest.testIncreasingTwentyThousand(SparkTest.java:261)&#10;sun.reflect.NativeMethodAccessorImpl.invoke0(Native Method)&#10;sun.reflect.NativeMethodAccessorImpl.invoke(NativeMethodAccessorImpl.java:62)&#10;sun.reflect.DelegatingMethodAccessorImpl.invoke(DelegatingMethodAccessorImpl.java:43)&#10;java.lang.reflect.Method.invoke(Method.java:498)&#10;junit.framework.TestCase.runTest(TestCase.java:164)&#10;junit.framework.TestCase.runBare(TestCase.java:130)&#10;junit.framework.TestResult$1.protect(TestResult.java:106)&#10;junit.framework.TestResult.runProtected(TestResult.java:124)&#10;junit.framework.TestResult.run(TestResult.java:109)&#10;junit.framework.TestCase.run(TestCase.java:120)&#10;junit.framework.TestSuite.runTest(TestSuite.java:230)&#10;junit.framework.TestSuite.run(TestSuite.java:225)&#10;sun.reflect.NativeMethodAccessorImpl.invoke0(Native Method)&#10;sun.reflect.NativeMethodAccessorImpl.invoke(NativeMethodAccessorImpl.java:62)&#10;sun.reflect.DelegatingMethodAccessorImpl.invoke(DelegatingMethodAccessorImpl.java:43)&#10;java.lang.reflect.Method.invoke(Method.java:498)" type="org.apache.spark.SparkException"><![CDATA[org.apache.spark.SparkException: Only one SparkContext may be running in this JVM (see SPARK-2243). To ignore this error, set spark.driver.allowMultipleContexts = true. The currently running SparkContext was created at:
org.apache.spark.api.java.JavaSparkContext.<init>(JavaSparkContext.scala:59)
edu.coursera.distributed.SparkTest.getSparkContext(SparkTest.java:38)
edu.coursera.distributed.SparkTest.testDriver(SparkTest.java:170)
edu.coursera.distributed.SparkTest.testIncreasingTwentyThousand(SparkTest.java:261)
sun.reflect.NativeMethodAccessorImpl.invoke0(Native Method)
sun.reflect.NativeMethodAccessorImpl.invoke(NativeMethodAccessorImpl.java:62)
sun.reflect.DelegatingMethodAccessorImpl.invoke(DelegatingMethodAccessorImpl.java:43)
java.lang.reflect.Method.invoke(Method.java:498)
junit.framework.TestCase.runTest(TestCase.java:164)
junit.framework.TestCase.runBare(TestCase.java:130)
junit.framework.TestResult$1.protect(TestResult.java:106)
junit.framework.TestResult.runProtected(TestResult.java:124)
junit.framework.TestResult.run(TestResult.java:109)
junit.framework.TestCase.run(TestCase.java:120)
junit.framework.TestSuite.runTest(TestSuite.java:230)
junit.framework.TestSuite.run(TestSuite.java:225)
sun.reflect.NativeMethodAccessorImpl.invoke0(Native Method)
sun.reflect.NativeMethodAccessorImpl.invoke(NativeMethodAccessorImpl.java:62)
sun.reflect.DelegatingMethodAccessorImpl.invoke(DelegatingMethodAccessorImpl.java:43)
java.lang.reflect.Method.invoke(Method.java:498)
	at org.apache.spark.SparkContext$$anonfun$assertNoOtherContextIsRunning$1.apply(SparkContext.scala:2257)
	at org.apache.spark.SparkContext$$anonfun$assertNoOtherContextIsRunning$1.apply(SparkContext.scala:2239)
	at scala.Option.foreach(Option.scala:236)
	at org.apache.spark.SparkContext$.assertNoOtherContextIsRunning(SparkContext.scala:2239)
	at org.apache.spark.SparkContext$.markPartiallyConstructed(SparkContext.scala:2312)
	at org.apache.spark.SparkContext.<init>(SparkContext.scala:91)
	at org.apache.spark.api.java.JavaSparkContext.<init>(JavaSparkContext.scala:59)
	at edu.coursera.distributed.SparkTest.getSparkContext(SparkTest.java:38)
	at edu.coursera.distributed.SparkTest.testDriver(SparkTest.java:170)
	at edu.coursera.distributed.SparkTest.testRandomTwentyThousand(SparkTest.java:283)
]]></error>
    <system-err><![CDATA[Running the PageRank algorithm for 5 iterations on a website graph of 20000 websites

]]></system-err>
  </testcase>
</testsuite>